mobile/build/outputs/mapping/release/seeds.txt
android.support.coreutils.R$dimen: int compat_button_inset_horizontal_material
android.support.coreutils.R$dimen: int compat_button_inset_vertical_material
android.support.coreutils.R$dimen: int compat_button_padding_horizontal_material
android.support.coreutils.R$dimen: int compat_button_padding_vertical_material
android.support.coreutils.R$dimen: int compat_control_corner_material
android.support.coreutils.R$dimen: int notification_action_icon_size
android.support.coreutils.R$dimen: int notification_action_text_size
android.support.coreutils.R$dimen: int notification_big_circle_margin
android.support.coreutils.R$dimen: int notification_content_margin_start
android.support.coreutils.R$dimen: int notification_large_icon_height
android.support.coreutils.R$dimen: int notification_large_icon_width
android.support.coreutils.R$dimen: int notification_main_column_padding_top
android.support.coreutils.R$dimen: int notification_media_narrow_margin
android.support.coreutils.R$dimen: int notification_right_icon_size
android.support.coreutils.R$dimen: int notification_right_side_padding_top
android.support.coreutils.R$dimen: int notification_small_icon_background_padding
android.support.coreutils.R$dimen: int notification_small_icon_size_as_large
android.support.coreutils.R$dimen: int notification_subtext_size
android.support.coreutils.R$dimen: int notification_top_pad
android.support.coreutils.R$dimen: int notification_top_pad_large_text
android.support.coreutils.R$drawable: int notification_action_background
android.support.coreutils.R$drawable: int notification_bg
android.support.coreutils.R$drawable: int notification_bg_low
android.support.coreutils.R$drawable: int notification_bg_low_normal
android.support.coreutils.R$drawable: int notification_bg_low_pressed
android.support.coreutils.R$drawable: int notification_bg_normal
android.support.coreutils.R$drawable: int notification_bg_normal_pressed
android.support.coreutils.R$drawable: int notification_icon_background
android.support.coreutils.R$drawable: int notification_template_icon_bg
android.support.coreutils.R$drawable: int notification_template_icon_low_bg
android.support.coreutils.R$drawable: int notification_tile_bg
android.support.coreutils.R$drawable: int notify_panel_notification_icon_bg
android.support.coreutils.R$id: int action_container
android.support.coreutils.R$id: int action_divider
android.support.coreutils.R$id: int action_image
android.support.coreutils.R$id: int action_text
android.support.coreutils.R$id: int actions
android.support.coreutils.R$id: int async
android.support.coreutils.R$id: int blocking
android.support.coreutils.R$id: int chronometer
android.support.coreutils.R$id: int forever
android.support.coreutils.R$id: int icon
android.support.coreutils.R$id: int icon_group
android.support.coreutils.R$id: int info
android.support.coreutils.R$id: int italic
android.support.coreutils.R$id: int line1
android.support.coreutils.R$id: int line3
android.support.coreutils.R$id: int normal
android.support.coreutils.R$id: int notification_background
android.support.coreutils.R$id: int notification_main_column
android.support.coreutils.R$id: int notification_main_column_container
android.support.coreutils.R$id: int right_icon
android.support.coreutils.R$id: int right_side
android.support.coreutils.R$id: int text
android.support.coreutils.R$id: int text2
android.support.coreutils.R$id: int time
android.support.coreutils.R$id: int title
android.support.coreutils.R$integer: int status_bar_notification_info_maxnum
android.support.coreutils.R$layout: int notification_action
android.support.coreutils.R$layout: int notification_action_tombstone
android.support.coreutils.R$layout: int notification_template_custom_big
android.support.coreutils.R$layout: int notification_template_icon_group
android.support.coreutils.R$layout: int notification_template_part_chronometer
android.support.coreutils.R$layout: int notification_template_part_time