mobile/build/outputs/mapping/release/mapping.txt
android.support.v7.view.SupportMenuInflater$MenuState -> android.support.v7.view.d$b:
    android.view.Menu menu -> c
    int groupId -> d
    int groupCategory -> e
    int groupOrder -> f
    int groupCheckable -> g
    boolean groupVisible -> h
    boolean groupEnabled -> i
    boolean itemAdded -> j
    int itemId -> k
    int itemCategoryOrder -> l
    java.lang.CharSequence itemTitle -> m
    java.lang.CharSequence itemTitleCondensed -> n
    int itemIconResId -> o
    char itemAlphabeticShortcut -> p
    int itemAlphabeticModifiers -> q
    char itemNumericShortcut -> r
    int itemNumericModifiers -> s
    int itemCheckable -> t
    boolean itemChecked -> u
    boolean itemVisible -> v
    boolean itemEnabled -> w
    int itemShowAsAction -> x
    int itemActionViewLayout -> y
    java.lang.String itemActionViewClassName -> z
    java.lang.String itemActionProviderClassName -> A
    java.lang.String itemListenerMethodName -> B
    android.support.v4.view.ActionProvider itemActionProvider -> a
    java.lang.CharSequence itemContentDescription -> C
    java.lang.CharSequence itemTooltipText -> D
    android.content.res.ColorStateList itemIconTintList -> E
    android.graphics.PorterDuff$Mode itemIconTintMode -> F
    android.support.v7.view.SupportMenuInflater this$0 -> b
    void <init>(android.support.v7.view.SupportMenuInflater,android.view.Menu) -> <init>
    void resetGroup() -> a
    void readGroup(android.util.AttributeSet) -> a
android.support.v7.view.menu.ActionMenuItem -> android.support.v7.view.menu.a:
    int mId -> a
    int mGroup -> b
    int mCategoryOrder -> c
    int mOrdering -> d
    java.lang.CharSequence mTitle -> e
    java.lang.CharSequence mTitleCondensed -> f
    android.content.Intent mIntent -> g
    char mShortcutNumericChar -> h
    int mShortcutNumericModifiers -> i
    char mShortcutAlphabeticChar -> j
    int mShortcutAlphabeticModifiers -> k
    android.graphics.drawable.Drawable mIconDrawable -> l
    int mIconResId -> m
    android.content.Context mContext -> n
    android.view.MenuItem$OnMenuItemClickListener mClickListener -> o
    java.lang.CharSequence mContentDescription -> p
    java.lang.CharSequence mTooltipText -> q
    android.content.res.ColorStateList mIconTintList -> r
    android.graphics.PorterDuff$Mode mIconTintMode -> s
    boolean mHasIconTint -> t
    boolean mHasIconTintMode -> u
    int mFlags -> v
    void <init>(android.content.Context,int,int,int,int,java.lang.CharSequence) -> <init>
    char getAlphabeticShortcut() -> getAlphabeticShortcut
    int getAlphabeticModifiers() -> getAlphabeticModifiers
    int getGroupId() -> getGroupId
    android.graphics.drawable.Drawable getIcon() -> getIcon
    android.content.Intent getIntent() -> getIntent
    int getItemId() -> getItemId
    android.view.ContextMenu$ContextMenuInfo getMenuInfo() -> getMenuInfo
    char getNumericShortcut() -> getNumericShortcut