mobile/build/outputs/mapping/release/usage.txt
android.support.v7.widget.StaggeredGridLayoutManager$LayoutParams:
    public static final int INVALID_SPAN_ID
    2428:2429:public StaggeredGridLayoutManager$LayoutParams(android.support.v7.widget.RecyclerView$LayoutParams)
    2440:2441:public void setFullSpan(boolean)
android.support.v7.widget.StaggeredGridLayoutManager$LazySpanLookup:
    private static final int MIN_SIZE
android.support.v7.widget.StaggeredGridLayoutManager$Span:
    static final int INVALID_LINE
    2656:2658:public int findFirstVisibleItemPosition()
    2668:2670:public int findFirstCompletelyVisibleItemPosition()
    2674:2676:public int findLastVisibleItemPosition()
    2686:2688:public int findLastCompletelyVisibleItemPosition()
    2749:2749:int findOneVisibleChild(int,int,boolean)
android.support.v7.widget.SuggestionsAdapter:
    private static final boolean DBG
    private static final java.lang.String LOG_TAG
    private static final int QUERY_LIMIT
    static final int REFINE_NONE
    static final int REFINE_BY_ENTRY
    static final int REFINE_ALL
    static final int INVALID_INDEX
    125:125:public int getQueryRefinement()
    173:175:public void close()
android.support.v7.widget.SwitchCompat
android.support.v7.widget.SwitchCompat$1
android.support.v7.widget.ThemeUtils:
    25:25:ThemeUtils()
    44:58:public static android.content.res.ColorStateList createDisabledStateList(int,int)
android.support.v7.widget.ThemedSpinnerAdapter$Helper
android.support.v7.widget.TintTypedArray:
    84:90:public android.graphics.drawable.Drawable getDrawableIfKnown(int)
    123:123:public int length()
    127:127:public int getIndexCount()
    131:131:public int getIndex(int)
    135:135:public android.content.res.Resources getResources()
    147:147:public java.lang.String getNonResourceString(int)
    185:185:public float getDimension(int,float)
    197:197:public int getLayoutDimension(int,java.lang.String)
    205:205:public float getFraction(int,int,int,float)
    217:217:public boolean getValue(int,android.util.TypedValue)
    221:228:public int getType(int)
    237:237:public android.util.TypedValue peekValue(int)
    241:241:public java.lang.String getPositionDescription()
    250:250:public int getChangingConfigurations()
android.support.v7.widget.Toolbar:
    private static final java.lang.String TAG
    384:390:public void setTitleMargin(int,int,int,int)
    505:505:public boolean canShowOverflowMenu()
    521:521:public boolean isOverflowMenuShowPending()
    539:539:public boolean hideOverflowMenu()
    545:577:public void setMenu(android.support.v7.view.menu.MenuBuilder,android.support.v7.widget.ActionMenuPresenter)
    583:586:public void dismissPopupMenus()
    591:606:public boolean isTitleTruncated()
    699:699:public boolean hasExpandedActionView()
    1069:1070:public void inflateMenu(int)
    1166:1168:public void setContentInsetsAbsolute(int,int)
    2103:2103:private static boolean isCustomView(android.view.View)
    2158:2163:public void setMenuCallbacks(android.support.v7.view.menu.MenuPresenter$Callback,android.support.v7.view.menu.MenuBuilder$Callback)
android.support.v7.widget.Toolbar$ExpandedActionViewMenuPresenter:
    2321:2321:public android.support.v7.view.menu.MenuView getMenuView(android.view.ViewGroup)
    2415:2415:public int getId()
    2420:2420:public android.os.Parcelable onSaveInstanceState()
    2425:2425:public void onRestoreInstanceState(android.os.Parcelable)
android.support.v7.widget.Toolbar$LayoutParams:
    static final int CUSTOM
    static final int SYSTEM
    static final int EXPANDED
    2211:2225:public Toolbar$LayoutParams(int,int,int)
    2228:2229:public Toolbar$LayoutParams(int)
android.support.v7.widget.Toolbar$SavedState:
    2265:2266:public Toolbar$SavedState(android.os.Parcel)